<?xml version="1.0" encoding="UTF-8"?>
<coverage generated="1634400970102" clover="3.2.0">
  <project timestamp="1634400970102" name="All files">
    <metrics statements="7" coveredstatements="7" conditionals="2" coveredconditionals="1" methods="4" coveredmethods="4" elements="13" coveredelements="12" complexity="0" loc="7" ncloc="7" packages="1" files="2" classes="2"/>
    <file name="formatDockerJSON.ts" path="/Users/wyattmcmurry/Documents/code/codesmith/osp/DockerNet/server/helpers/formatDockerJSON.ts">
      <metrics statements="4" coveredstatements="4" conditionals="0" coveredconditionals="0" methods="2" coveredmethods="2"/>
      <line num="1" count="1" type="stmt"/>
      <line num="5" count="3" type="stmt"/>
      <line num="9" count="9" type="stmt"/>
      <line num="12" count="3" type="stmt"/>
    </file>
    <file name="formatRawContainers.ts" path="/Users/wyattmcmurry/Documents/code/codesmith/osp/DockerNet/server/helpers/formatRawContainers.ts">
      <metrics statements="3" coveredstatements="3" conditionals="2" coveredconditionals="1" methods="2" coveredmethods="2"/>
      <line num="11" count="1" type="stmt"/>
      <line num="12" count="4" type="stmt"/>
      <line num="13" count="8" type="stmt"/>
    </file>
  </project>
</coverage>
