{"/Users/wyattmcmurry/Documents/code/codesmith/osp/DockerNet/server/helpers/formatDockerJSON.ts": {"path":"/Users/wyattmcmurry/Documents/code/codesmith/osp/DockerNet/server/helpers/formatDockerJSON.ts","statementMap":{"0":{"start":{"line":1,"column":32},"end":{"line":13,"column":1}},"1":{"start":{"line":5,"column":24},"end":{"line":10,"column":6}},"2":{"start":{"line":9,"column":6},"end":{"line":9,"column":32}},"3":{"start":{"line":12,"column":2},"end":{"line":12,"column":23}},"4":{"start":{"line":1,"column":13},"end":{"line":1,"column":32}}},"fnMap":{"0":{"name":"(anonymous_0)","decl":{"start":{"line":1,"column":32},"end":{"line":1,"column":33}},"loc":{"start":{"line":1,"column":51},"end":{"line":13,"column":1}}},"1":{"name":"(anonymous_1)","decl":{"start":{"line":8,"column":9},"end":{"line":8,"column":10}},"loc":{"start":{"line":8,"column":16},"end":{"line":10,"column":5}}}},"branchMap":{},"s":{"0":1,"1":3,"2":9,"3":3,"4":1},"f":{"0":3,"1":9},"b":{}}
,"/Users/wyattmcmurry/Documents/code/codesmith/osp/DockerNet/server/helpers/formatRawContainers.ts": {"path":"/Users/wyattmcmurry/Documents/code/codesmith/osp/DockerNet/server/helpers/formatRawContainers.ts","statementMap":{"0":{"start":{"line":11,"column":35},"end":{"line":21,"column":1}},"1":{"start":{"line":12,"column":2},"end":{"line":20,"column":5}},"2":{"start":{"line":13,"column":4},"end":{"line":19,"column":6}},"3":{"start":{"line":11,"column":13},"end":{"line":11,"column":35}}},"fnMap":{"0":{"name":"(anonymous_0)","decl":{"start":{"line":11,"column":35},"end":{"line":11,"column":36}},"loc":{"start":{"line":11,"column":64},"end":{"line":21,"column":1}}},"1":{"name":"(anonymous_1)","decl":{"start":{"line":12,"column":40},"end":{"line":12,"column":41}},"loc":{"start":{"line":12,"column":52},"end":{"line":20,"column":3}}}},"branchMap":{"0":{"loc":{"start":{"line":16,"column":17},"end":{"line":18,"column":48}},"type":"cond-expr","locations":[{"start":{"line":17,"column":10},"end":{"line":17,"column":48}},{"start":{"line":18,"column":10},"end":{"line":18,"column":48}}]}},"s":{"0":1,"1":4,"2":8,"3":1},"f":{"0":4,"1":8},"b":{"0":[0,8]}}
}
